ApkAutoTest/app/build/outputs/logs/manifest-merger-debug-report.txt
-- Merging decision tree log ---
manifest
ADDED from src\main\AndroidManifest.xml:2:1-85:12
	package
		ADDED from src\main\AndroidManifest.xml:3:11-46
		INJECTED from src\main\AndroidManifest.xml
		INJECTED from src\main\AndroidManifest.xml
	android:versionName
		ADDED from src\main\AndroidManifest.xml:5:11-36
		INJECTED from src\main\AndroidManifest.xml
		INJECTED from src\main\AndroidManifest.xml
	android:versionCode
		ADDED from src\main\AndroidManifest.xml:4:11-34
		INJECTED from src\main\AndroidManifest.xml
		INJECTED from src\main\AndroidManifest.xml
	xmlns:android
		ADDED from src\main\AndroidManifest.xml:2:11-69
uses-permission#android.permission.SYSTEM_ALERT_WINDOW
ADDED from src\main\AndroidManifest.xml:7:5-77
	android:name
		ADDED from src\main\AndroidManifest.xml:7:22-75
uses-permission#android.permission.INTERNET
ADDED from src\main\AndroidManifest.xml:8:5-66
	android:name
		ADDED from src\main\AndroidManifest.xml:8:22-64
uses-permission#android.permission.SEND_SMS
ADDED from src\main\AndroidManifest.xml:9:5-66
	android:name
		ADDED from src\main\AndroidManifest.xml:9:22-64
uses-permission#android.permission.WRITE_SETTINGS
ADDED from src\main\AndroidManifest.xml:10:5-72
	android:name
		ADDED from src\main\AndroidManifest.xml:10:22-70
uses-permission#android.permission.READ_PHONE_STATE
ADDED from src\main\AndroidManifest.xml:11:5-74
	android:name
		ADDED from src\main\AndroidManifest.xml:11:22-72
uses-permission#android.permission.INTERACT_ACROSS_USERS_FULL
ADDED from src\main\AndroidManifest.xml:12:5-84
	android:name
		ADDED from src\main\AndroidManifest.xml:12:22-82
uses-permission#android.permission.WRITE_EXTERNAL_STORAGE
ADDED from src\main\AndroidManifest.xml:14:5-80
	android:name
		ADDED from src\main\AndroidManifest.xml:14:22-78
uses-permission#android.permission.CALL_PHONE
ADDED from src\main\AndroidManifest.xml:16:5-68
	android:name
		ADDED from src\main\AndroidManifest.xml:16:22-66
uses-permission#android.permission.CHANGE_WIFI_STATE
ADDED from src\main\AndroidManifest.xml:17:5-75
	android:name
		ADDED from src\main\AndroidManifest.xml:17:22-73
uses-permission#android.permission.CHANGE_NETWORK_STATE
ADDED from src\main\AndroidManifest.xml:19:5-78
	android:name
		ADDED from src\main\AndroidManifest.xml:19:22-76
uses-permission#android.permission.WAKE_LOCK.
ADDED from src\main\AndroidManifest.xml:20:5-68
	android:name
		ADDED from src\main\AndroidManifest.xml:20:22-66
uses-permission#android.permission.KILL_BACKGROUND_PROCESSES
ADDED from src\main\AndroidManifest.xml:21:5-83
	android:name
		ADDED from src\main\AndroidManifest.xml:21:22-81
uses-sdk
ADDED from src\main\AndroidManifest.xml:23:5-25:40
	android:targetSdkVersion
		ADDED from src\main\AndroidManifest.xml:25:9-38
		INJECTED from src\main\AndroidManifest.xml
		INJECTED from src\main\AndroidManifest.xml
	android:minSdkVersion
		ADDED from src\main\AndroidManifest.xml:24:9-35
		INJECTED from src\main\AndroidManifest.xml
		INJECTED from src\main\AndroidManifest.xml
application
ADDED from src\main\AndroidManifest.xml:27:5-83:19
	android:label
		ADDED from src\main\AndroidManifest.xml:30:9-41
	android:allowBackup
		ADDED from src\main\AndroidManifest.xml:28:9-35
	android:icon
		ADDED from src\main\AndroidManifest.xml:29:9-38
	android:theme
		ADDED from src\main\AndroidManifest.xml:31:9-40
activity#com.tencent.apk_auto_test.MainActivity
ADDED from src\main\AndroidManifest.xml:32:9-40:20
	android:label
		ADDED from src\main\AndroidManifest.xml:34:13-45
	android:name
		ADDED from src\main\AndroidManifest.xml:33:13-66
intent-filter#android.intent.action.MAIN+android.intent.category.LAUNCHER
ADDED from src\main\AndroidManifest.xml:35:13-39:29
action#android.intent.action.MAIN
ADDED from src\main\AndroidManifest.xml:36:17-68
	android:name
		ADDED from src\main\AndroidManifest.xml:36:25-66
category#android.intent.category.LAUNCHER
ADDED from src\main\AndroidManifest.xml:38:17-76
	android:name
		ADDED from src\main\AndroidManifest.xml:38:27-74
activity#com.tencent.apk_auto_test.HelpActivity
ADDED from src\main\AndroidManifest.xml:41:9-42:20
	android:name
		ADDED from src\main\AndroidManifest.xml:41:19-72
service#com.tencent.apk_auto_test.services.RunService
ADDED from src\main\AndroidManifest.xml:44:9-45:19
	android:name
		ADDED from src\main\AndroidManifest.xml:44:18-78
service#com.tencent.apk_auto_test.services.unLockService
ADDED from src\main\AndroidManifest.xml:46:9-47:19
	android:name
		ADDED from src\main\AndroidManifest.xml:46:18-81
service#com.tencent.apk_auto_test.services.AccessibilityEventService
ADDED from src\main\AndroidManifest.xml:49:9-60:19
	android:enabled
		ADDED from src\main\AndroidManifest.xml:51:13-35
	android:permission
		ADDED from src\main\AndroidManifest.xml:52:13-79
	android:name
		ADDED from src\main\AndroidManifest.xml:50:13-88
intent-filter#android.accessibilityservice.AccessibilityService
ADDED from src\main\AndroidManifest.xml:53:13-55:29
action#android.accessibilityservice.AccessibilityService
ADDED from src\main\AndroidManifest.xml:54:17-91
	android:name
		ADDED from src\main\AndroidManifest.xml:54:25-89
meta-data#android.accessibilityservice
ADDED from src\main\AndroidManifest.xml:57:13-59:49
	android:resource
		ADDED from src\main\AndroidManifest.xml:59:17-47
	android:name
		ADDED from src\main\AndroidManifest.xml:58:17-60
service#com.tencent.apk_auto_test.input.TestInputMethodService
ADDED from src\main\AndroidManifest.xml:62:9-75:19
	android:enabled
		ADDED from src\main\AndroidManifest.xml:64:13-35
	android:label
		ADDED from src\main\AndroidManifest.xml:65:13-45
	android:permission
		ADDED from src\main\AndroidManifest.xml:66:13-70
	android:name
		ADDED from src\main\AndroidManifest.xml:63:13-82
intent-filter#android.view.InputMethod
ADDED from src\main\AndroidManifest.xml:68:13-70:29
action#android.view.InputMethod
ADDED from src\main\AndroidManifest.xml:69:17-66
	android:name
		ADDED from src\main\AndroidManifest.xml:69:25-64
meta-data#android.view.im
ADDED from src\main\AndroidManifest.xml:72:13-74:49
	android:resource
		ADDED from src\main\AndroidManifest.xml:74:17-47
	android:name
		ADDED from src\main\AndroidManifest.xml:73:17-47
service#com.tencent.apk_auto_test.input.IService
ADDED from src\main\AndroidManifest.xml:76:9-79:19
	android:enabled
		ADDED from src\main\AndroidManifest.xml:78:13-35
	android:name
		ADDED from src\main\AndroidManifest.xml:77:13-68
service#com.tencent.apk_auto_test.input.InputService
ADDED from src\main\AndroidManifest.xml:80:9-81:19
	android:name
		ADDED from src\main\AndroidManifest.xml:80:18-77